Using pre-set license
Built from '2020.3/staging' branch; Version is '2020.3.33f1 (915a7af8b0d5) revision 9525882'; Using compiler version '192528614'; Build Type 'Release'
OS: 'Windows 10  (10.0.19045) 64bit Core' Language: 'en' Physical Memory: 16335 MB
BatchMode: 1, IsHumanControllingUs: 0, StartBugReporterOnCrash: 0, Is64bit: 1, IsPro: 0

COMMAND LINE ARGUMENTS:
C:\Program Files\Unity\Hub\Editor\2020.3.33f1\Editor\Unity.exe
-adb2
-batchMode
-noUpm
-name
AssetImportWorker0
-projectPath
C:/Users/tyngs/shaderpg
-logFile
Logs/AssetImportWorker0.log
-srvPort
62550
Successfully changed project path to: C:/Users/tyngs/shaderpg
C:/Users/tyngs/shaderpg
Using Asset Import Pipeline V2.
Refreshing native plugins compatible for Editor in 77.05 ms, found 2 plugins.
Preloading 0 native plugins for Editor in 0.00 ms.
Initialize engine version: 2020.3.33f1 (915a7af8b0d5)
[Subsystems] Discovering subsystems at path C:/Program Files/Unity/Hub/Editor/2020.3.33f1/Editor/Data/Resources/UnitySubsystems
[Subsystems] Discovering subsystems at path C:/Users/tyngs/shaderpg/Assets
GfxDevice: creating device client; threaded=0
Direct3D:
    Version:  Direct3D 11.0 [level 11.1]
    Renderer: NVIDIA GeForce GTX 1070 Ti (ID=0x1b82)
    Vendor:   
    VRAM:     8073 MB
    Driver:   31.0.15.3179
Initialize mono
Mono path[0] = 'C:/Program Files/Unity/Hub/Editor/2020.3.33f1/Editor/Data/Managed'
Mono path[1] = 'C:/Program Files/Unity/Hub/Editor/2020.3.33f1/Editor/Data/MonoBleedingEdge/lib/mono/unityjit'
Mono config path = 'C:/Program Files/Unity/Hub/Editor/2020.3.33f1/Editor/Data/MonoBleedingEdge/etc'
Using monoOptions --debugger-agent=transport=dt_socket,embedding=1,server=y,suspend=n,address=127.0.0.1:56952
Begin MonoManager ReloadAssembly
Registering precompiled unity dll's ...
Register platform support module: C:/Program Files/Unity/Hub/Editor/2020.3.33f1/Editor/Data/PlaybackEngines/WebGLSupport/UnityEditor.WebGL.Extensions.dll
Register platform support module: C:/Program Files/Unity/Hub/Editor/2020.3.33f1/Editor/Data/PlaybackEngines/MacStandaloneSupport/UnityEditor.OSXStandalone.Extensions.dll
Register platform support module: C:/Program Files/Unity/Hub/Editor/2020.3.33f1/Editor/Data/PlaybackEngines/WindowsStandaloneSupport/UnityEditor.WindowsStandalone.Extensions.dll
Registered in 0.004381 seconds.
Native extension for WindowsStandalone target not found
Native extension for OSXStandalone target not found
Native extension for WebGL target not found
Refreshing native plugins compatible for Editor in 74.80 ms, found 2 plugins.
Preloading 0 native plugins for Editor in 0.00 ms.
Mono: successfully reloaded assembly
- Completed reload, in  1.137 seconds
Domain Reload Profiling:
	ReloadAssembly (1137ms)
		BeginReloadAssembly (79ms)
			ExecutionOrderSort (0ms)
			DisableScriptedObjects (0ms)
			BackupInstance (0ms)
			ReleaseScriptingObjects (0ms)
			CreateAndSetChildDomain (1ms)
		EndReloadAssembly (831ms)
			LoadAssemblies (76ms)
			RebuildTransferFunctionScriptingTraits (0ms)
			SetupTypeCache (448ms)
			ReleaseScriptCaches (0ms)
			RebuildScriptCaches (31ms)
			SetupLoadedEditorAssemblies (227ms)
				LogAssemblyErrors (0ms)
				InitializePlatformSupportModulesInManaged (8ms)
				SetLoadedEditorAssemblies (0ms)
				RefreshPlugins (75ms)
				BeforeProcessingInitializeOnLoad (13ms)
				ProcessInitializeOnLoadAttributes (93ms)
				ProcessInitializeOnLoadMethodAttributes (38ms)
				AfterProcessingInitializeOnLoad (0ms)
				EditorAssembliesLoaded (0ms)
			ExecutionOrderSort2 (0ms)
			AwakeInstancesAfterBackupRestoration (0ms)
Platform modules already initialized, skipping
Registering precompiled user dll's ...
Registered in 0.005698 seconds.
Begin MonoManager ReloadAssembly
Native extension for WindowsStandalone target not found
Native extension for OSXStandalone target not found
Native extension for WebGL target not found
Refreshing native plugins compatible for Editor in 77.83 ms, found 2 plugins.
Preloading 0 native plugins for Editor in 0.00 ms.
Mono: successfully reloaded assembly
- Completed reload, in  1.548 seconds
Domain Reload Profiling:
	ReloadAssembly (1549ms)
		BeginReloadAssembly (177ms)
			ExecutionOrderSort (0ms)
			DisableScriptedObjects (6ms)
			BackupInstance (0ms)
			ReleaseScriptingObjects (0ms)
			CreateAndSetChildDomain (19ms)
		EndReloadAssembly (1293ms)
			LoadAssemblies (125ms)
			RebuildTransferFunctionScriptingTraits (0ms)
			SetupTypeCache (391ms)
			ReleaseScriptCaches (1ms)
			RebuildScriptCaches (62ms)
			SetupLoadedEditorAssemblies (594ms)
				LogAssemblyErrors (0ms)
				InitializePlatformSupportModulesInManaged (6ms)
				SetLoadedEditorAssemblies (0ms)
				RefreshPlugins (78ms)
				BeforeProcessingInitializeOnLoad (104ms)
				ProcessInitializeOnLoadAttributes (381ms)
				ProcessInitializeOnLoadMethodAttributes (13ms)
				AfterProcessingInitializeOnLoad (11ms)
				EditorAssembliesLoaded (0ms)
			ExecutionOrderSort2 (0ms)
			AwakeInstancesAfterBackupRestoration (8ms)
Platform modules already initialized, skipping
========================================================================
Worker process is ready to serve import requests
Launched and connected shader compiler UnityShaderCompiler.exe after 0.16 seconds
Refreshing native plugins compatible for Editor in 0.76 ms, found 2 plugins.
Preloading 0 native plugins for Editor in 0.00 ms.
Unloading 3432 Unused Serialized files (Serialized files now loaded: 0)
System memory in use before: 153.0 MB.
System memory in use after: 153.2 MB.

Unloading 23 unused Assets to reduce memory usage. Loaded Objects now: 3873.
Total: 4.183400 ms (FindLiveObjects: 0.297300 ms CreateObjectMapping: 0.089800 ms MarkObjects: 3.667200 ms  DeleteObjects: 0.128000 ms)

AssetImportParameters requested are different than current active one (requested -> active):
  custom:framework-win-MediaFoundation: 216162199b28c13a410421893ffa2e32 -> 
  custom:video-decoder-ogg-theora: a1e56fd34408186e4bbccfd4996cb3dc -> 
  custom:container-muxer-webm: aa71ff27fc2769a1b78a27578f13a17b -> 
  custom:container-demuxer-webm: 4f35f7cbe854078d1ac9338744f61a02 -> 
  custom:container-demuxer-ogg: 62fdf1f143b41e24485cea50d1cbac27 -> 
  custom:video-encoder-webm-vp8: eb34c28f22e8b96e1ab97ce403110664 -> 
  custom:video-decoder-webm-vp8: 9c59270c3fd7afecdb556c50c9e8de78 -> 
  custom:audio-decoder-ogg-vorbis: bf7c407c2cedff20999df2af8eb42d56 -> 
  custom:audio-encoder-webm-vorbis: bf7c407c2cedff20999df2af8eb42d56 -> 
========================================================================
Received Import Request.
  path: Assets/AssetPackages/Low-Poly Weapons
  artifactKey: Guid(b041d59a90a125146b3a96665903bdfd) Importer(815301076,1909f56bfc062723c751e8b465ee728b)
Start importing Assets/AssetPackages/Low-Poly Weapons using Guid(b041d59a90a125146b3a96665903bdfd) Importer(815301076,1909f56bfc062723c751e8b465ee728b)  -> (artifact id: '764adfb5c1e343aed85cae4e356c4bce') in 0.016675 seconds 
========================================================================
Received Import Request.
  Time since last request: 0.000192 seconds.
  path: Assets/AssetPackages/Low-Poly Weapons/Models/Materials/Potions.mat
  artifactKey: Guid(6b051bc964265438b9edf8fb79c57ccb) Importer(815301076,1909f56bfc062723c751e8b465ee728b)
Start importing Assets/AssetPackages/Low-Poly Weapons/Models/Materials/Potions.mat using Guid(6b051bc964265438b9edf8fb79c57ccb) Importer(815301076,1909f56bfc062723c751e8b465ee728b)  -> (artifact id: '4eabb4ed8929c7c1c03991b143b7fe5a') in 0.250407 seconds 
========================================================================
Received Import Request.
  Time since last request: 0.000244 seconds.
  path: Assets/Resources/Materials/Potion.mat
  artifactKey: Guid(d9833e0a01d4bf140b1559b18cb59a46) Importer(815301076,1909f56bfc062723c751e8b465ee728b)
Start importing Assets/Resources/Materials/Potion.mat using Guid(d9833e0a01d4bf140b1559b18cb59a46) Importer(815301076,1909f56bfc062723c751e8b465ee728b)  -> (artifact id: '86f84d98d36d2a5fcb2f38595e563d8d') in 0.042988 seconds 
========================================================================
Received Import Request.
  Time since last request: 0.000375 seconds.
  path: Assets/Resources/Materials/mat5.mat
  artifactKey: Guid(5a6d961c80831374e8d9e5e4390c5002) Importer(815301076,1909f56bfc062723c751e8b465ee728b)
Start importing Assets/Resources/Materials/mat5.mat using Guid(5a6d961c80831374e8d9e5e4390c5002) Importer(815301076,1909f56bfc062723c751e8b465ee728b)  -> (artifact id: '65db5ca813d1c60631c77deaadfebb4b') in 0.027290 seconds 
========================================================================
Received Import Request.
  Time since last request: 0.000200 seconds.
  path: Assets/Resources/Materials/Sphere2.mat
  artifactKey: Guid(73fceada90b5cb943a4aae6f2d79793b) Importer(815301076,1909f56bfc062723c751e8b465ee728b)
Start importing Assets/Resources/Materials/Sphere2.mat using Guid(73fceada90b5cb943a4aae6f2d79793b) Importer(815301076,1909f56bfc062723c751e8b465ee728b)  -> (artifact id: '198e42cd577ea1c43d214c17a39dd715') in 0.025989 seconds 
========================================================================
Received Import Request.
  Time since last request: 0.000258 seconds.
  path: Assets/Resources/Materials/mat4.mat
  artifactKey: Guid(1ce8793328e862046afe16e3c1ce45ab) Importer(815301076,1909f56bfc062723c751e8b465ee728b)
Start importing Assets/Resources/Materials/mat4.mat using Guid(1ce8793328e862046afe16e3c1ce45ab) Importer(815301076,1909f56bfc062723c751e8b465ee728b)  -> (artifact id: 'a8fd5714c4fa65cc410f059be5e97886') in 0.023289 seconds 
========================================================================
Received Import Request.
  Time since last request: 0.000243 seconds.
  path: Assets/Resources/Materials/mat3.mat
  artifactKey: Guid(f29abc329e6aeb444966cb0110d08995) Importer(815301076,1909f56bfc062723c751e8b465ee728b)
Start importing Assets/Resources/Materials/mat3.mat using Guid(f29abc329e6aeb444966cb0110d08995) Importer(815301076,1909f56bfc062723c751e8b465ee728b)  -> (artifact id: 'aa5707c4193798c0e739663fd45d223d') in 0.020583 seconds 
========================================================================
Received Import Request.
  Time since last request: 0.000246 seconds.
  path: Assets/Resources/Materials/mat6.mat
  artifactKey: Guid(96c52379ddd4d9142b1518c91200812f) Importer(815301076,1909f56bfc062723c751e8b465ee728b)
Start importing Assets/Resources/Materials/mat6.mat using Guid(96c52379ddd4d9142b1518c91200812f) Importer(815301076,1909f56bfc062723c751e8b465ee728b)  -> (artifact id: '51861ddd6cbc1c3915ff80a9cc469141') in 0.020458 seconds 
========================================================================
Received Import Request.
  Time since last request: 0.000341 seconds.
  path: Assets/AssetPackages/Low-Poly Weapons/Textures/Potions.tif
  artifactKey: Guid(33717b16713914784b0db03854ccfa16) Importer(815301076,1909f56bfc062723c751e8b465ee728b)
Start importing Assets/AssetPackages/Low-Poly Weapons/Textures/Potions.tif using Guid(33717b16713914784b0db03854ccfa16) Importer(815301076,1909f56bfc062723c751e8b465ee728b)  -> (artifact id: '92e55730ec27f5555014e2e4e228b2df') in 0.023465 seconds 
========================================================================
Received Import Request.
  Time since last request: 0.000254 seconds.
  path: Assets/Resources/Materials
  artifactKey: Guid(5e7a23490128d4e4fa355928c6a842b1) Importer(815301076,1909f56bfc062723c751e8b465ee728b)
Start importing Assets/Resources/Materials using Guid(5e7a23490128d4e4fa355928c6a842b1) Importer(815301076,1909f56bfc062723c751e8b465ee728b)  -> (artifact id: 'fd368a66c317dc90e78ef50c824df8a8') in 0.012762 seconds 
========================================================================
Received Import Request.
  Time since last request: 0.000255 seconds.
  path: Assets/AssetPackages/Low-Poly Weapons/Models/Materials/Weapons.mat
  artifactKey: Guid(1c8657c6b5cdc4eb5bcac1968488b356) Importer(815301076,1909f56bfc062723c751e8b465ee728b)
Start importing Assets/AssetPackages/Low-Poly Weapons/Models/Materials/Weapons.mat using Guid(1c8657c6b5cdc4eb5bcac1968488b356) Importer(815301076,1909f56bfc062723c751e8b465ee728b)  -> (artifact id: '325e1c52f1318e4f680536c0dfabf488') in 0.021981 seconds 
========================================================================
Received Import Request.
  Time since last request: 436.285533 seconds.
  path: Assets/AssetPackages/Low-Poly Weapons/Prefabs/Arrow_Explosive.prefab
  artifactKey: Guid(a7ef2398046494d0cadc6b5c28cfa84f) Importer(815301076,1909f56bfc062723c751e8b465ee728b)
Start importing Assets/AssetPackages/Low-Poly Weapons/Prefabs/Arrow_Explosive.prefab using Guid(a7ef2398046494d0cadc6b5c28cfa84f) Importer(815301076,1909f56bfc062723c751e8b465ee728b)  -> (artifact id: 'cab89aff116eba079c35e9484fdded1c') in 0.043759 seconds 
========================================================================
Received Import Request.
  Time since last request: 0.000215 seconds.
  path: Assets/AssetPackages/Low-Poly Weapons/Prefabs/Potion_Berserk.prefab
  artifactKey: Guid(db1c94431d2a64a068f8c904090cee66) Importer(815301076,1909f56bfc062723c751e8b465ee728b)
Start importing Assets/AssetPackages/Low-Poly Weapons/Prefabs/Potion_Berserk.prefab using Guid(db1c94431d2a64a068f8c904090cee66) Importer(815301076,1909f56bfc062723c751e8b465ee728b)  -> (artifact id: '853ae57fd07ce14691efe0a60f87d8a4') in 0.026246 seconds 
========================================================================
Received Import Request.
  Time since last request: 0.000196 seconds.
  path: Assets/AssetPackages/Low-Poly Weapons/Prefabs/Arrow_Piercing.prefab
  artifactKey: Guid(84ad69e92e6fe401c8848494bcedac7d) Importer(815301076,1909f56bfc062723c751e8b465ee728b)
Start importing Assets/AssetPackages/Low-Poly Weapons/Prefabs/Arrow_Piercing.prefab using Guid(84ad69e92e6fe401c8848494bcedac7d) Importer(815301076,1909f56bfc062723c751e8b465ee728b)  -> (artifact id: '018768fd5cc588b057ca5a1628cb8f7c') in 0.023421 seconds 
========================================================================
Received Import Request.
  Time since last request: 0.000258 seconds.
  path: Assets/AssetPackages/Low-Poly Weapons/Prefabs/Bow.prefab
  artifactKey: Guid(8093457b576f04fbfa270bca1b2553a1) Importer(815301076,1909f56bfc062723c751e8b465ee728b)
Start importing Assets/AssetPackages/Low-Poly Weapons/Prefabs/Bow.prefab using Guid(8093457b576f04fbfa270bca1b2553a1) Importer(815301076,1909f56bfc062723c751e8b465ee728b)  -> (artifact id: '06add0f539976078f5ab187c075f0611') in 0.022055 seconds 
========================================================================
Received Import Request.
  Time since last request: 0.000281 seconds.
  path: Assets/AssetPackages/Low-Poly Weapons/Prefabs/Arrow_Regular.prefab
  artifactKey: Guid(802986766a97b4a108b97eb5fdf6e02f) Importer(815301076,1909f56bfc062723c751e8b465ee728b)
Start importing Assets/AssetPackages/Low-Poly Weapons/Prefabs/Arrow_Regular.prefab using Guid(802986766a97b4a108b97eb5fdf6e02f) Importer(815301076,1909f56bfc062723c751e8b465ee728b)  -> (artifact id: 'dad0397e626ac31830d844382bef859f') in 0.022848 seconds 
========================================================================
Received Import Request.
  Time since last request: 0.000234 seconds.
  path: Assets/AssetPackages/Low-Poly Weapons/Prefabs/Bomb.prefab
  artifactKey: Guid(aa64b9ae639024c5097e12b27ac1d84c) Importer(815301076,1909f56bfc062723c751e8b465ee728b)
Start importing Assets/AssetPackages/Low-Poly Weapons/Prefabs/Bomb.prefab using Guid(aa64b9ae639024c5097e12b27ac1d84c) Importer(815301076,1909f56bfc062723c751e8b465ee728b)  -> (artifact id: '84577b530e38e3ae88df894b1597fdcf') in 0.021739 seconds 
========================================================================
Received Import Request.
  Time since last request: 0.000240 seconds.
  path: Assets/AssetPackages/Low-Poly Weapons/Prefabs/Crossbow.prefab
  artifactKey: Guid(1dcc6f17f2ad24b98a7ef082c8c454a9) Importer(815301076,1909f56bfc062723c751e8b465ee728b)
Start importing Assets/AssetPackages/Low-Poly Weapons/Prefabs/Crossbow.prefab using Guid(1dcc6f17f2ad24b98a7ef082c8c454a9) Importer(815301076,1909f56bfc062723c751e8b465ee728b)  -> (artifact id: '5622a10a58c4c9ac2d3c4694d44240fd') in 0.020634 seconds 
========================================================================
Received Import Request.
  Time since last request: 0.000201 seconds.
  path: Assets/AssetPackages/Low-Poly Weapons/Prefabs/Potion_Generic.prefab
  artifactKey: Guid(c08b700bc96ee446685910832e6b01ad) Importer(815301076,1909f56bfc062723c751e8b465ee728b)
Start importing Assets/AssetPackages/Low-Poly Weapons/Prefabs/Potion_Generic.prefab using Guid(c08b700bc96ee446685910832e6b01ad) Importer(815301076,1909f56bfc062723c751e8b465ee728b)  -> (artifact id: '1c761349a28fd2a29ff3940da87a84be') in 0.022462 seconds 
========================================================================
Received Import Request.
  Time since last request: 0.000226 seconds.
  path: Assets/AssetPackages/Low-Poly Weapons/Prefabs/Grenade_Smoke.prefab
  artifactKey: Guid(cc45d25784d134031be721e31c3c239f) Importer(815301076,1909f56bfc062723c751e8b465ee728b)
Start importing Assets/AssetPackages/Low-Poly Weapons/Prefabs/Grenade_Smoke.prefab using Guid(cc45d25784d134031be721e31c3c239f) Importer(815301076,1909f56bfc062723c751e8b465ee728b)  -> (artifact id: 'a7531a4256224660cd39a4a314d65d30') in 0.021064 seconds 
========================================================================
Received Import Request.
  Time since last request: 0.000269 seconds.
  path: Assets/AssetPackages/Low-Poly Weapons/Prefabs/Potion_Health.prefab
  artifactKey: Guid(fb5a9652227c545d98a413cd73b80b69) Importer(815301076,1909f56bfc062723c751e8b465ee728b)
Start importing Assets/AssetPackages/Low-Poly Weapons/Prefabs/Potion_Health.prefab using Guid(fb5a9652227c545d98a413cd73b80b69) Importer(815301076,1909f56bfc062723c751e8b465ee728b)  -> (artifact id: '0778985eee646e4dcf19566efeb5b81d') in 0.020798 seconds 
========================================================================
Received Import Request.
  Time since last request: 0.000250 seconds.
  path: Assets/AssetPackages/Low-Poly Weapons/Prefabs/Potion_Mana.prefab
  artifactKey: Guid(4fc855fb7bf094a0891967175e5bdb17) Importer(815301076,1909f56bfc062723c751e8b465ee728b)
Start importing Assets/AssetPackages/Low-Poly Weapons/Prefabs/Potion_Mana.prefab using Guid(4fc855fb7bf094a0891967175e5bdb17) Importer(815301076,1909f56bfc062723c751e8b465ee728b)  -> (artifact id: '22c2590f34301ca9a01a1f6fa69cdadc') in 0.023766 seconds 
========================================================================
Received Import Request.
  Time since last request: 0.000247 seconds.
  path: Assets/AssetPackages/Low-Poly Weapons/Prefabs/Grenade_Sulfur.prefab
  artifactKey: Guid(41ddecd19696e4b7abfe4584fa7efe68) Importer(815301076,1909f56bfc062723c751e8b465ee728b)
Start importing Assets/AssetPackages/Low-Poly Weapons/Prefabs/Grenade_Sulfur.prefab using Guid(41ddecd19696e4b7abfe4584fa7efe68) Importer(815301076,1909f56bfc062723c751e8b465ee728b)  -> (artifact id: 'a42aba1ef97ea3b2e856305d2cb36ade') in 0.020634 seconds 
========================================================================
Received Import Request.
  Time since last request: 0.000267 seconds.
  path: Assets/AssetPackages/Low-Poly Weapons/Prefabs/Dagger.prefab
  artifactKey: Guid(a4cd3d5e9967248a69e6203d2ce67874) Importer(815301076,1909f56bfc062723c751e8b465ee728b)
Start importing Assets/AssetPackages/Low-Poly Weapons/Prefabs/Dagger.prefab using Guid(a4cd3d5e9967248a69e6203d2ce67874) Importer(815301076,1909f56bfc062723c751e8b465ee728b)  -> (artifact id: '35e76a75b8ed103ca76427cbed85b3ad') in 0.021082 seconds 
========================================================================
Received Import Request.
  Time since last request: 0.512636 seconds.
  path: Assets/AssetPackages/SimpleToon/Process Profile.asset
  artifactKey: Guid(f70bb49bdb9fd8b4993bb34e6933e6cb) Importer(815301076,1909f56bfc062723c751e8b465ee728b)
Start importing Assets/AssetPackages/SimpleToon/Process Profile.asset using Guid(f70bb49bdb9fd8b4993bb34e6933e6cb) Importer(815301076,1909f56bfc062723c751e8b465ee728b)  -> (artifact id: 'b3a66daaf6967bab805818a18b08819d') in 0.019878 seconds 
========================================================================
Received Import Request.
  Time since last request: 0.762000 seconds.
  path: Assets/AssetPackages/Low-Poly Weapons/Textures/Weapons.tif
  artifactKey: Guid(2e9da1baa9a7a4e2f83f1bc63bf855ba) Importer(815301076,1909f56bfc062723c751e8b465ee728b)
Start importing Assets/AssetPackages/Low-Poly Weapons/Textures/Weapons.tif using Guid(2e9da1baa9a7a4e2f83f1bc63bf855ba) Importer(815301076,1909f56bfc062723c751e8b465ee728b)  -> (artifact id: '17e9f54545fda9d28cfe1da2dd19a631') in 0.018687 seconds 
========================================================================
Received Import Request.
  Time since last request: 4.442570 seconds.
  path: Assets/AssetPackages/Low-Poly Weapons/Models/Arrow_Explosive.fbx
  artifactKey: Guid(a6c4c9afde33c4603bef3ca6b3a587ca) Importer(815301076,1909f56bfc062723c751e8b465ee728b)
Start importing Assets/AssetPackages/Low-Poly Weapons/Models/Arrow_Explosive.fbx using Guid(a6c4c9afde33c4603bef3ca6b3a587ca) Importer(815301076,1909f56bfc062723c751e8b465ee728b)  -> (artifact id: 'feca2c8344798d47f0766990a243ed98') in 0.089769 seconds 
========================================================================
Received Import Request.
  Time since last request: 0.000201 seconds.
  path: Assets/AssetPackages/Low-Poly Weapons/Models/Arrow_Regular.fbx
  artifactKey: Guid(50a2457a4e6e34726805bc233f01b387) Importer(815301076,1909f56bfc062723c751e8b465ee728b)
Start importing Assets/AssetPackages/Low-Poly Weapons/Models/Arrow_Regular.fbx using Guid(50a2457a4e6e34726805bc233f01b387) Importer(815301076,1909f56bfc062723c751e8b465ee728b)  -> (artifact id: '9456b0046fce510c0415645116684515') in 0.027622 seconds 
========================================================================
Received Import Request.
  Time since last request: 0.000215 seconds.
  path: Assets/AssetPackages/Low-Poly Weapons/Models/Potion_Generic.fbx
  artifactKey: Guid(097d38a80d9574b8f83fd7d8404930f4) Importer(815301076,1909f56bfc062723c751e8b465ee728b)
Start importing Assets/AssetPackages/Low-Poly Weapons/Models/Potion_Generic.fbx using Guid(097d38a80d9574b8f83fd7d8404930f4) Importer(815301076,1909f56bfc062723c751e8b465ee728b)  -> (artifact id: '7126e5125af02471a21ac42083c10362') in 0.025849 seconds 
========================================================================
Received Import Request.
  Time since last request: 0.000230 seconds.
  path: Assets/AssetPackages/Low-Poly Weapons/Models/Potion_Health.fbx
  artifactKey: Guid(2a7aeccaf51cb44258e96e4127ac8d7e) Importer(815301076,1909f56bfc062723c751e8b465ee728b)
Start importing Assets/AssetPackages/Low-Poly Weapons/Models/Potion_Health.fbx using Guid(2a7aeccaf51cb44258e96e4127ac8d7e) Importer(815301076,1909f56bfc062723c751e8b465ee728b)  -> (artifact id: '294b08964aae142a66d42c2d25a19fe8') in 0.026080 seconds 
========================================================================
Received Import Request.
  Time since last request: 0.000201 seconds.
  path: Assets/AssetPackages/Low-Poly Weapons/Models/Crossbow.fbx
  artifactKey: Guid(d1036415f6ea442a9afc3adb6e466f76) Importer(815301076,1909f56bfc062723c751e8b465ee728b)
Start importing Assets/AssetPackages/Low-Poly Weapons/Models/Crossbow.fbx using Guid(d1036415f6ea442a9afc3adb6e466f76) Importer(815301076,1909f56bfc062723c751e8b465ee728b)  -> (artifact id: '0cd1117566846c5bd56c37033c3e75e5') in 0.036006 seconds 
========================================================================
Received Import Request.
  Time since last request: 0.000180 seconds.
  path: Assets/AssetPackages/Low-Poly Weapons/Models/Arrow_Piercing.fbx
  artifactKey: Guid(a6dbb2c6393664ec3bfff79ef7bcad30) Importer(815301076,1909f56bfc062723c751e8b465ee728b)
Start importing Assets/AssetPackages/Low-Poly Weapons/Models/Arrow_Piercing.fbx using Guid(a6dbb2c6393664ec3bfff79ef7bcad30) Importer(815301076,1909f56bfc062723c751e8b465ee728b)  -> (artifact id: '3f32990b4e45d644c3ecb4843f3798f6') in 0.026068 seconds 
========================================================================
Received Import Request.
  Time since last request: 0.000264 seconds.
  path: Assets/AssetPackages/Low-Poly Weapons/Models/Dagger.fbx
  artifactKey: Guid(db56260143b5948a88d20ae44f2441a0) Importer(815301076,1909f56bfc062723c751e8b465ee728b)
Start importing Assets/AssetPackages/Low-Poly Weapons/Models/Dagger.fbx using Guid(db56260143b5948a88d20ae44f2441a0) Importer(815301076,1909f56bfc062723c751e8b465ee728b)  -> (artifact id: '4366b6d037c1c0d2d67e07ab6f2bba0e') in 0.024811 seconds 
========================================================================
Received Import Request.
  Time since last request: 0.000211 seconds.
  path: Assets/AssetPackages/Low-Poly Weapons/Models/Potion_Berserk.fbx
  artifactKey: Guid(2b5e4dcfbc9c54f019932d7dc34a1d4e) Importer(815301076,1909f56bfc062723c751e8b465ee728b)
Start importing Assets/AssetPackages/Low-Poly Weapons/Models/Potion_Berserk.fbx using Guid(2b5e4dcfbc9c54f019932d7dc34a1d4e) Importer(815301076,1909f56bfc062723c751e8b465ee728b)  -> (artifact id: '3a5d6572ae21d85a89aa2c0d01916b05') in 0.026158 seconds 
========================================================================
Received Import Request.
  Time since last request: 0.000240 seconds.
  path: Assets/AssetPackages/Low-Poly Weapons/Models/Grenade_Smoke.fbx
  artifactKey: Guid(9a38c879ddeb74214b97b361e8e5fee9) Importer(815301076,1909f56bfc062723c751e8b465ee728b)
Start importing Assets/AssetPackages/Low-Poly Weapons/Models/Grenade_Smoke.fbx using Guid(9a38c879ddeb74214b97b361e8e5fee9) Importer(815301076,1909f56bfc062723c751e8b465ee728b)  -> (artifact id: '5d9185ac4ad3f15edc40ee2526322cad') in 0.025550 seconds 
========================================================================
Received Import Request.
  Time since last request: 0.000256 seconds.
  path: Assets/AssetPackages/Low-Poly Weapons/Models/Bomb.fbx
  artifactKey: Guid(d1e8477c1d62b4eb2950689921e7ef58) Importer(815301076,1909f56bfc062723c751e8b465ee728b)
Start importing Assets/AssetPackages/Low-Poly Weapons/Models/Bomb.fbx using Guid(d1e8477c1d62b4eb2950689921e7ef58) Importer(815301076,1909f56bfc062723c751e8b465ee728b)  -> (artifact id: '3760acbe375c596d7e5351f03970c41a') in 0.026622 seconds 
========================================================================
Received Import Request.
  Time since last request: 0.000178 seconds.
  path: Assets/AssetPackages/Low-Poly Weapons/Models/Grenade_Sulfur.fbx
  artifactKey: Guid(11e0aa3611e3840ecb8a4f54e9b9634d) Importer(815301076,1909f56bfc062723c751e8b465ee728b)
Start importing Assets/AssetPackages/Low-Poly Weapons/Models/Grenade_Sulfur.fbx using Guid(11e0aa3611e3840ecb8a4f54e9b9634d) Importer(815301076,1909f56bfc062723c751e8b465ee728b)  -> (artifact id: '200eebaacb0d45899776f95c93fe24c6') in 0.026292 seconds 
========================================================================
Received Import Request.
  Time since last request: 0.000219 seconds.
  path: Assets/AssetPackages/Low-Poly Weapons/Models/Bow.fbx
  artifactKey: Guid(f9daf41ee441145289fca40ce1878964) Importer(815301076,1909f56bfc062723c751e8b465ee728b)
Start importing Assets/AssetPackages/Low-Poly Weapons/Models/Bow.fbx using Guid(f9daf41ee441145289fca40ce1878964) Importer(815301076,1909f56bfc062723c751e8b465ee728b)  -> (artifact id: 'e26bc026b22679246ba97976d73774fe') in 0.026034 seconds 
========================================================================
Received Import Request.
  Time since last request: 41.290517 seconds.
  path: Assets/AssetPackages/Low-Poly Weapons/Models
  artifactKey: Guid(5e84e48035c0c43f993a13161d4cd902) Importer(815301076,1909f56bfc062723c751e8b465ee728b)
Start importing Assets/AssetPackages/Low-Poly Weapons/Models using Guid(5e84e48035c0c43f993a13161d4cd902) Importer(815301076,1909f56bfc062723c751e8b465ee728b)  -> (artifact id: '09905a4cc5f99bae3f452c7371b89c1e') in 0.012604 seconds 
========================================================================
Received Import Request.
  Time since last request: 2.412765 seconds.
  path: Assets/AssetPackages/Low-Poly Weapons/Models/Potion_Mana.fbx
  artifactKey: Guid(a7b94700af64d4331af2f449bf00b987) Importer(815301076,1909f56bfc062723c751e8b465ee728b)
Start importing Assets/AssetPackages/Low-Poly Weapons/Models/Potion_Mana.fbx using Guid(a7b94700af64d4331af2f449bf00b987) Importer(815301076,1909f56bfc062723c751e8b465ee728b)  -> (artifact id: 'd04311130a1c898ef643added7d78282') in 0.022859 seconds 
========================================================================
Received Import Request.
  Time since last request: 0.000267 seconds.
  path: Assets/AssetPackages/Low-Poly Weapons/Models/Potion_Stamina.fbx
  artifactKey: Guid(0e82068f10f7f446f9d0f4f5a89e8573) Importer(815301076,1909f56bfc062723c751e8b465ee728b)
Start importing Assets/AssetPackages/Low-Poly Weapons/Models/Potion_Stamina.fbx using Guid(0e82068f10f7f446f9d0f4f5a89e8573) Importer(815301076,1909f56bfc062723c751e8b465ee728b)  -> (artifact id: 'b2fa5b49f223e75a9556abe3fccb92f0') in 0.027847 seconds 
========================================================================
Received Import Request.
  Time since last request: 0.888874 seconds.
  path: Assets/AssetPackages/Low-Poly Weapons/Prefabs/Potion_Stamina.prefab
  artifactKey: Guid(f244d85ca954f4336a1a7595053efbfc) Importer(815301076,1909f56bfc062723c751e8b465ee728b)
Start importing Assets/AssetPackages/Low-Poly Weapons/Prefabs/Potion_Stamina.prefab using Guid(f244d85ca954f4336a1a7595053efbfc) Importer(815301076,1909f56bfc062723c751e8b465ee728b)  -> (artifact id: 'e82a29f6e2de8922c6e95d8dafcab9af') in 0.021428 seconds 
========================================================================
Received Import Request.
  Time since last request: 0.000180 seconds.
  path: Assets/AssetPackages/Low-Poly Weapons/Prefabs/Shield.prefab
  artifactKey: Guid(b4ea2f3e0e40943219a8997915f71646) Importer(815301076,1909f56bfc062723c751e8b465ee728b)
Start importing Assets/AssetPackages/Low-Poly Weapons/Prefabs/Shield.prefab using Guid(b4ea2f3e0e40943219a8997915f71646) Importer(815301076,1909f56bfc062723c751e8b465ee728b)  -> (artifact id: '125d9fbc2189fdc0caf4d7f969fa1ec3') in 0.021503 seconds 
========================================================================
Received Import Request.
  Time since last request: 3.665569 seconds.
  path: Assets/AssetPackages/Low-Poly Weapons/Models/Shield.fbx
  artifactKey: Guid(176b2704b742b4e13a95b47b307c3266) Importer(815301076,1909f56bfc062723c751e8b465ee728b)
Start importing Assets/AssetPackages/Low-Poly Weapons/Models/Shield.fbx using Guid(176b2704b742b4e13a95b47b307c3266) Importer(815301076,1909f56bfc062723c751e8b465ee728b)  -> (artifact id: '33ab785caba4f774cb68d06ad31f7370') in 0.024761 seconds 
========================================================================
Received Import Request.
  Time since last request: 0.000222 seconds.
  path: Assets/AssetPackages/Low-Poly Weapons/Models/Sword.fbx
  artifactKey: Guid(72be0c703037640cf97b8487e7a0d830) Importer(815301076,1909f56bfc062723c751e8b465ee728b)
Start importing Assets/AssetPackages/Low-Poly Weapons/Models/Sword.fbx using Guid(72be0c703037640cf97b8487e7a0d830) Importer(815301076,1909f56bfc062723c751e8b465ee728b)  -> (artifact id: 'feee81d941262abda79d11ff9f796947') in 0.025174 seconds 
========================================================================
Received Import Request.
  Time since last request: 19.264464 seconds.
  path: Assets/AssetPackages/Low-Poly Weapons/Textures/Potions.tif
  artifactKey: Guid(33717b16713914784b0db03854ccfa16) Importer(815301076,1909f56bfc062723c751e8b465ee728b)
Start importing Assets/AssetPackages/Low-Poly Weapons/Textures/Potions.tif using Guid(33717b16713914784b0db03854ccfa16) Importer(815301076,1909f56bfc062723c751e8b465ee728b)  -> (artifact id: '7eb8dd9441a636f6cc3acd2d9dc8e590') in 0.034871 seconds 
========================================================================
Received Import Request.
  Time since last request: 11.647385 seconds.
  path: Assets/AssetPackages/Low-Poly Weapons/Textures/Weapons.tif
  artifactKey: Guid(2e9da1baa9a7a4e2f83f1bc63bf855ba) Importer(815301076,1909f56bfc062723c751e8b465ee728b)
Start importing Assets/AssetPackages/Low-Poly Weapons/Textures/Weapons.tif using Guid(2e9da1baa9a7a4e2f83f1bc63bf855ba) Importer(815301076,1909f56bfc062723c751e8b465ee728b)  -> (artifact id: 'c34e93744caa1b49677e76acaee42a03') in 0.025876 seconds 
========================================================================
Received Import Request.
  Time since last request: 41.205882 seconds.
  path: Assets/AssetPackages/Low-Poly Weapons/Textures
  artifactKey: Guid(acade0fe5974645c799ac9a0aa02d8e7) Importer(815301076,1909f56bfc062723c751e8b465ee728b)
Start importing Assets/AssetPackages/Low-Poly Weapons/Textures using Guid(acade0fe5974645c799ac9a0aa02d8e7) Importer(815301076,1909f56bfc062723c751e8b465ee728b)  -> (artifact id: '30a8bbce5bf35cdd8f4308d9d2a2ab8a') in 0.015120 seconds 
========================================================================
Received Import Request.
  Time since last request: 31.822104 seconds.
  path: Assets/Assets.index
  artifactKey: Guid(d0dcd786e0b97ba46b539f65a73e48ef) Importer(815301076,1909f56bfc062723c751e8b465ee728b)
Start importing Assets/Assets.index using Guid(d0dcd786e0b97ba46b539f65a73e48ef) Importer(815301076,1909f56bfc062723c751e8b465ee728b)  -> (artifact id: 'bbcb7b48f8810ec29c8ef0c554bf9677') in 0.041164 seconds 
========================================================================
Received Import Request.
  Time since last request: 0.000247 seconds.
  path: Assets/Readme.asset
  artifactKey: Guid(4181bfe715a83e843b7538d750dc57cc) Importer(815301076,1909f56bfc062723c751e8b465ee728b)
Start importing Assets/Readme.asset using Guid(4181bfe715a83e843b7538d750dc57cc) Importer(815301076,1909f56bfc062723c751e8b465ee728b)  -> (artifact id: 'd185e6c18c08a6d4700df422fa21ae9b') in 0.013283 seconds 
========================================================================
Received Import Request.
  Time since last request: 14.077217 seconds.
  path: Assets/UniversalRenderPipelineAsset.asset
  artifactKey: Guid(f86b3aed054db7d4a983e73339478814) Importer(815301076,1909f56bfc062723c751e8b465ee728b)
Start importing Assets/UniversalRenderPipelineAsset.asset using Guid(f86b3aed054db7d4a983e73339478814) Importer(815301076,1909f56bfc062723c751e8b465ee728b)  -> (artifact id: '27f8028b62f59f23ad657de4aed68c11') in 0.027042 seconds 
========================================================================
Received Import Request.
  Time since last request: 0.000236 seconds.
  path: Assets/UniversalRenderPipelineAsset_Renderer.asset
  artifactKey: Guid(dd7e737974771d04d9ced706d59d1245) Importer(815301076,1909f56bfc062723c751e8b465ee728b)
Start importing Assets/UniversalRenderPipelineAsset_Renderer.asset using Guid(dd7e737974771d04d9ced706d59d1245) Importer(815301076,1909f56bfc062723c751e8b465ee728b)  -> (artifact id: '636b6cf18838200e5f15f51957d6b617') in 0.015615 seconds 
========================================================================
Received Import Request.
  Time since last request: 54.289871 seconds.
  path: Assets
  artifactKey: Guid(00000000000000001000000000000000) Importer(815301076,1909f56bfc062723c751e8b465ee728b)
Start importing Assets using Guid(00000000000000001000000000000000) Importer(815301076,1909f56bfc062723c751e8b465ee728b)  -> (artifact id: '42d402b061de3733987d63b9cc3b64de') in 0.003070 seconds 
========================================================================
Received Import Request.
  Time since last request: 207.154464 seconds.
  path: Assets/AssetPackages/Low-Poly Weapons/Textures/Potions.tif
  artifactKey: Guid(33717b16713914784b0db03854ccfa16) Importer(815301076,1909f56bfc062723c751e8b465ee728b)
Start importing Assets/AssetPackages/Low-Poly Weapons/Textures/Potions.tif using Guid(33717b16713914784b0db03854ccfa16) Importer(815301076,1909f56bfc062723c751e8b465ee728b)  -> (artifact id: '31bb020d69bd1f823605a8b4a18a5342') in 0.020369 seconds 
========================================================================
Received Import Request.
  Time since last request: 63.677696 seconds.
  path: Assets/Assets.index
  artifactKey: Guid(d0dcd786e0b97ba46b539f65a73e48ef) Importer(815301076,1909f56bfc062723c751e8b465ee728b)
Start importing Assets/Assets.index using Guid(d0dcd786e0b97ba46b539f65a73e48ef) Importer(815301076,1909f56bfc062723c751e8b465ee728b)  -> (artifact id: 'a017174e7781074ed56e2c8fbb90e5f3') in 0.007992 seconds 
========================================================================
Received Import Request.
  Time since last request: 555.283942 seconds.
  path: Assets/Scripts/Glows.cs
  artifactKey: Guid(a29fc7b29959a224a8586eca5e1423c4) Importer(815301076,1909f56bfc062723c751e8b465ee728b)
Start importing Assets/Scripts/Glows.cs using Guid(a29fc7b29959a224a8586eca5e1423c4) Importer(815301076,1909f56bfc062723c751e8b465ee728b)  -> (artifact id: '0c79b4f476a20201c664387caed79dc3') in 0.028931 seconds 
========================================================================
Received Prepare
Registering precompiled user dll's ...
Registered in 0.010353 seconds.
Begin MonoManager ReloadAssembly
Native extension for WindowsStandalone target not found
Native extension for OSXStandalone target not found
Native extension for WebGL target not found
Refreshing native plugins compatible for Editor in 1.13 ms, found 2 plugins.
Preloading 0 native plugins for Editor in 0.00 ms.
Mono: successfully reloaded assembly
- Completed reload, in  2.345 seconds
Domain Reload Profiling:
	ReloadAssembly (2347ms)
		BeginReloadAssembly (292ms)
			ExecutionOrderSort (0ms)
			DisableScriptedObjects (13ms)
			BackupInstance (0ms)
			ReleaseScriptingObjects (0ms)
			CreateAndSetChildDomain (89ms)
		EndReloadAssembly (1899ms)
			LoadAssemblies (218ms)
			RebuildTransferFunctionScriptingTraits (0ms)
			SetupTypeCache (578ms)
			ReleaseScriptCaches (2ms)
			RebuildScriptCaches (79ms)
			SetupLoadedEditorAssemblies (804ms)
				LogAssemblyErrors (0ms)
				InitializePlatformSupportModulesInManaged (10ms)
				SetLoadedEditorAssemblies (1ms)
				RefreshPlugins (1ms)
				BeforeProcessingInitializeOnLoad (148ms)
				ProcessInitializeOnLoadAttributes (529ms)
				ProcessInitializeOnLoadMethodAttributes (79ms)
				AfterProcessingInitializeOnLoad (34ms)
				EditorAssembliesLoaded (1ms)
			ExecutionOrderSort2 (0ms)
			AwakeInstancesAfterBackupRestoration (79ms)
Platform modules already initialized, skipping
Refreshing native plugins compatible for Editor in 1.21 ms, found 2 plugins.
Preloading 0 native plugins for Editor in 0.00 ms.
Unloading 3321 Unused Serialized files (Serialized files now loaded: 0)
System memory in use before: 151.4 MB.
System memory in use after: 151.6 MB.

Unloading 16 unused Assets to reduce memory usage. Loaded Objects now: 3971.
Total: 6.905800 ms (FindLiveObjects: 0.336700 ms CreateObjectMapping: 0.092000 ms MarkObjects: 6.355900 ms  DeleteObjects: 0.120000 ms)

AssetImportParameters requested are different than current active one (requested -> active):
  custom:framework-win-MediaFoundation: 216162199b28c13a410421893ffa2e32 -> 
  custom:video-decoder-ogg-theora: a1e56fd34408186e4bbccfd4996cb3dc -> 
  custom:container-muxer-webm: aa71ff27fc2769a1b78a27578f13a17b -> 
  custom:container-demuxer-webm: 4f35f7cbe854078d1ac9338744f61a02 -> 
  custom:container-demuxer-ogg: 62fdf1f143b41e24485cea50d1cbac27 -> 
  custom:video-encoder-webm-vp8: eb34c28f22e8b96e1ab97ce403110664 -> 
  custom:video-decoder-webm-vp8: 9c59270c3fd7afecdb556c50c9e8de78 -> 
  custom:audio-decoder-ogg-vorbis: bf7c407c2cedff20999df2af8eb42d56 -> 
  custom:audio-encoder-webm-vorbis: bf7c407c2cedff20999df2af8eb42d56 -> 
========================================================================
Received Prepare
Registering precompiled user dll's ...
Registered in 0.005247 seconds.
Begin MonoManager ReloadAssembly
Native extension for WindowsStandalone target not found
Native extension for OSXStandalone target not found
Native extension for WebGL target not found
Refreshing native plugins compatible for Editor in 0.80 ms, found 2 plugins.
Preloading 0 native plugins for Editor in 0.00 ms.
Mono: successfully reloaded assembly
- Completed reload, in  1.469 seconds
Domain Reload Profiling:
	ReloadAssembly (1469ms)
		BeginReloadAssembly (137ms)
			ExecutionOrderSort (0ms)
			DisableScriptedObjects (5ms)
			BackupInstance (0ms)
			ReleaseScriptingObjects (0ms)
			CreateAndSetChildDomain (40ms)
		EndReloadAssembly (1250ms)
			LoadAssemblies (128ms)
			RebuildTransferFunctionScriptingTraits (0ms)
			SetupTypeCache (405ms)
			ReleaseScriptCaches (2ms)
			RebuildScriptCaches (53ms)
			SetupLoadedEditorAssemblies (435ms)
				LogAssemblyErrors (0ms)
				InitializePlatformSupportModulesInManaged (8ms)
				SetLoadedEditorAssemblies (1ms)
				RefreshPlugins (1ms)
				BeforeProcessingInitializeOnLoad (119ms)
				ProcessInitializeOnLoadAttributes (280ms)
				ProcessInitializeOnLoadMethodAttributes (15ms)
				AfterProcessingInitializeOnLoad (12ms)
				EditorAssembliesLoaded (0ms)
			ExecutionOrderSort2 (0ms)
			AwakeInstancesAfterBackupRestoration (70ms)
Platform modules already initialized, skipping
Refreshing native plugins compatible for Editor in 0.84 ms, found 2 plugins.
Preloading 0 native plugins for Editor in 0.00 ms.
Unloading 3319 Unused Serialized files (Serialized files now loaded: 0)
System memory in use before: 151.4 MB.
System memory in use after: 151.6 MB.

Unloading 16 unused Assets to reduce memory usage. Loaded Objects now: 3978.
Total: 4.594300 ms (FindLiveObjects: 0.358300 ms CreateObjectMapping: 0.099900 ms MarkObjects: 4.025900 ms  DeleteObjects: 0.108900 ms)

AssetImportParameters requested are different than current active one (requested -> active):
  custom:framework-win-MediaFoundation: 216162199b28c13a410421893ffa2e32 -> 
  custom:video-decoder-ogg-theora: a1e56fd34408186e4bbccfd4996cb3dc -> 
  custom:container-muxer-webm: aa71ff27fc2769a1b78a27578f13a17b -> 
  custom:container-demuxer-webm: 4f35f7cbe854078d1ac9338744f61a02 -> 
  custom:container-demuxer-ogg: 62fdf1f143b41e24485cea50d1cbac27 -> 
  custom:video-encoder-webm-vp8: eb34c28f22e8b96e1ab97ce403110664 -> 
  custom:video-decoder-webm-vp8: 9c59270c3fd7afecdb556c50c9e8de78 -> 
  custom:audio-decoder-ogg-vorbis: bf7c407c2cedff20999df2af8eb42d56 -> 
  custom:audio-encoder-webm-vorbis: bf7c407c2cedff20999df2af8eb42d56 -> 
========================================================================
Received Import Request.
  Time since last request: 158.327886 seconds.
  path: Assets/Scripts/Glows.cs
  artifactKey: Guid(a29fc7b29959a224a8586eca5e1423c4) Importer(815301076,1909f56bfc062723c751e8b465ee728b)
Start importing Assets/Scripts/Glows.cs using Guid(a29fc7b29959a224a8586eca5e1423c4) Importer(815301076,1909f56bfc062723c751e8b465ee728b)  -> (artifact id: '74a553c2cd30b3f06a1ffdd286a7e156') in 0.007997 seconds 
========================================================================
Received Import Request.
  Time since last request: 32.438552 seconds.
  path: Assets/Scripts/Glow.cs
  artifactKey: Guid(a29fc7b29959a224a8586eca5e1423c4) Importer(815301076,1909f56bfc062723c751e8b465ee728b)
Start importing Assets/Scripts/Glow.cs using Guid(a29fc7b29959a224a8586eca5e1423c4) Importer(815301076,1909f56bfc062723c751e8b465ee728b)  -> (artifact id: 'd47bc4fe9b4da1c7d925458da6136e78') in 0.015453 seconds 
========================================================================
Received Prepare
Registering precompiled user dll's ...
Registered in 0.005153 seconds.
Begin MonoManager ReloadAssembly
Native extension for WindowsStandalone target not found
Native extension for OSXStandalone target not found
Native extension for WebGL target not found
Refreshing native plugins compatible for Editor in 0.93 ms, found 2 plugins.
Preloading 0 native plugins for Editor in 0.00 ms.
Mono: successfully reloaded assembly
- Completed reload, in  1.482 seconds
Domain Reload Profiling:
	ReloadAssembly (1483ms)
		BeginReloadAssembly (142ms)
			ExecutionOrderSort (0ms)
			DisableScriptedObjects (5ms)
			BackupInstance (0ms)
			ReleaseScriptingObjects (0ms)
			CreateAndSetChildDomain (42ms)
		EndReloadAssembly (1249ms)
			LoadAssemblies (123ms)
			RebuildTransferFunctionScriptingTraits (0ms)
			SetupTypeCache (396ms)
			ReleaseScriptCaches (2ms)
			RebuildScriptCaches (64ms)
			SetupLoadedEditorAssemblies (438ms)
				LogAssemblyErrors (0ms)
				InitializePlatformSupportModulesInManaged (8ms)
				SetLoadedEditorAssemblies (1ms)
				RefreshPlugins (1ms)
				BeforeProcessingInitializeOnLoad (120ms)
				ProcessInitializeOnLoadAttributes (281ms)
				ProcessInitializeOnLoadMethodAttributes (16ms)
				AfterProcessingInitializeOnLoad (11ms)
				EditorAssembliesLoaded (0ms)
			ExecutionOrderSort2 (0ms)
			AwakeInstancesAfterBackupRestoration (62ms)
Platform modules already initialized, skipping
Refreshing native plugins compatible for Editor in 0.93 ms, found 2 plugins.
Preloading 0 native plugins for Editor in 0.00 ms.
Unloading 3319 Unused Serialized files (Serialized files now loaded: 0)
System memory in use before: 151.5 MB.
System memory in use after: 151.6 MB.

Unloading 16 unused Assets to reduce memory usage. Loaded Objects now: 3985.
Total: 4.745300 ms (FindLiveObjects: 0.358200 ms CreateObjectMapping: 0.100600 ms MarkObjects: 4.181600 ms  DeleteObjects: 0.103500 ms)

AssetImportParameters requested are different than current active one (requested -> active):
  custom:framework-win-MediaFoundation: 216162199b28c13a410421893ffa2e32 -> 
  custom:video-decoder-ogg-theora: a1e56fd34408186e4bbccfd4996cb3dc -> 
  custom:container-muxer-webm: aa71ff27fc2769a1b78a27578f13a17b -> 
  custom:container-demuxer-webm: 4f35f7cbe854078d1ac9338744f61a02 -> 
  custom:container-demuxer-ogg: 62fdf1f143b41e24485cea50d1cbac27 -> 
  custom:video-encoder-webm-vp8: eb34c28f22e8b96e1ab97ce403110664 -> 
  custom:video-decoder-webm-vp8: 9c59270c3fd7afecdb556c50c9e8de78 -> 
  custom:audio-decoder-ogg-vorbis: bf7c407c2cedff20999df2af8eb42d56 -> 
  custom:audio-encoder-webm-vorbis: bf7c407c2cedff20999df2af8eb42d56 -> 
========================================================================
Received Prepare
Registering precompiled user dll's ...
Registered in 0.005265 seconds.
Begin MonoManager ReloadAssembly
Native extension for WindowsStandalone target not found
Native extension for OSXStandalone target not found
Native extension for WebGL target not found
Refreshing native plugins compatible for Editor in 0.72 ms, found 2 plugins.
Preloading 0 native plugins for Editor in 0.00 ms.
Mono: successfully reloaded assembly
- Completed reload, in  1.370 seconds
Domain Reload Profiling:
	ReloadAssembly (1371ms)
		BeginReloadAssembly (144ms)
			ExecutionOrderSort (0ms)
			DisableScriptedObjects (6ms)
			BackupInstance (0ms)
			ReleaseScriptingObjects (0ms)
			CreateAndSetChildDomain (40ms)
		EndReloadAssembly (1149ms)
			LoadAssemblies (125ms)
			RebuildTransferFunctionScriptingTraits (0ms)
			SetupTypeCache (369ms)
			ReleaseScriptCaches (1ms)
			RebuildScriptCaches (49ms)
			SetupLoadedEditorAssemblies (405ms)
				LogAssemblyErrors (0ms)
				InitializePlatformSupportModulesInManaged (7ms)
				SetLoadedEditorAssemblies (1ms)
				RefreshPlugins (1ms)
				BeforeProcessingInitializeOnLoad (115ms)
				ProcessInitializeOnLoadAttributes (256ms)
				ProcessInitializeOnLoadMethodAttributes (15ms)
				AfterProcessingInitializeOnLoad (11ms)
				EditorAssembliesLoaded (0ms)
			ExecutionOrderSort2 (0ms)
			AwakeInstancesAfterBackupRestoration (59ms)
Platform modules already initialized, skipping
Refreshing native plugins compatible for Editor in 0.75 ms, found 2 plugins.
Preloading 0 native plugins for Editor in 0.00 ms.
Unloading 3319 Unused Serialized files (Serialized files now loaded: 0)
System memory in use before: 151.5 MB.
System memory in use after: 151.7 MB.

Unloading 16 unused Assets to reduce memory usage. Loaded Objects now: 3992.
Total: 4.234000 ms (FindLiveObjects: 0.342500 ms CreateObjectMapping: 0.091200 ms MarkObjects: 3.702800 ms  DeleteObjects: 0.096500 ms)

AssetImportParameters requested are different than current active one (requested -> active):
  custom:framework-win-MediaFoundation: 216162199b28c13a410421893ffa2e32 -> 
  custom:video-decoder-ogg-theora: a1e56fd34408186e4bbccfd4996cb3dc -> 
  custom:container-muxer-webm: aa71ff27fc2769a1b78a27578f13a17b -> 
  custom:container-demuxer-webm: 4f35f7cbe854078d1ac9338744f61a02 -> 
  custom:container-demuxer-ogg: 62fdf1f143b41e24485cea50d1cbac27 -> 
  custom:video-encoder-webm-vp8: eb34c28f22e8b96e1ab97ce403110664 -> 
  custom:video-decoder-webm-vp8: 9c59270c3fd7afecdb556c50c9e8de78 -> 
  custom:audio-decoder-ogg-vorbis: bf7c407c2cedff20999df2af8eb42d56 -> 
  custom:audio-encoder-webm-vorbis: bf7c407c2cedff20999df2af8eb42d56 -> 
========================================================================
Received Import Request.
  Time since last request: 66.218025 seconds.
  path: Assets/Scripts/Glow.cs
  artifactKey: Guid(a29fc7b29959a224a8586eca5e1423c4) Importer(815301076,1909f56bfc062723c751e8b465ee728b)
Start importing Assets/Scripts/Glow.cs using Guid(a29fc7b29959a224a8586eca5e1423c4) Importer(815301076,1909f56bfc062723c751e8b465ee728b)  -> (artifact id: '0e7223e4a9af5b420f7e412efdbed4bf') in 0.008330 seconds 
========================================================================
Received Prepare
Registering precompiled user dll's ...
Registered in 0.005377 seconds.
Begin MonoManager ReloadAssembly
Native extension for WindowsStandalone target not found
Native extension for OSXStandalone target not found
Native extension for WebGL target not found
Refreshing native plugins compatible for Editor in 0.74 ms, found 2 plugins.
Preloading 0 native plugins for Editor in 0.00 ms.
Mono: successfully reloaded assembly
- Completed reload, in  1.357 seconds
Domain Reload Profiling:
	ReloadAssembly (1358ms)
		BeginReloadAssembly (137ms)
			ExecutionOrderSort (0ms)
			DisableScriptedObjects (5ms)
			BackupInstance (0ms)
			ReleaseScriptingObjects (0ms)
			CreateAndSetChildDomain (38ms)
		EndReloadAssembly (1144ms)
			LoadAssemblies (118ms)
			RebuildTransferFunctionScriptingTraits (0ms)
			SetupTypeCache (376ms)
			ReleaseScriptCaches (2ms)
			RebuildScriptCaches (52ms)
			SetupLoadedEditorAssemblies (399ms)
				LogAssemblyErrors (0ms)
				InitializePlatformSupportModulesInManaged (7ms)
				SetLoadedEditorAssemblies (1ms)
				RefreshPlugins (1ms)
				BeforeProcessingInitializeOnLoad (110ms)
				ProcessInitializeOnLoadAttributes (256ms)
				ProcessInitializeOnLoadMethodAttributes (14ms)
				AfterProcessingInitializeOnLoad (11ms)
				EditorAssembliesLoaded (0ms)
			ExecutionOrderSort2 (0ms)
			AwakeInstancesAfterBackupRestoration (52ms)
Platform modules already initialized, skipping
Refreshing native plugins compatible for Editor in 0.88 ms, found 2 plugins.
Preloading 0 native plugins for Editor in 0.00 ms.
Unloading 3319 Unused Serialized files (Serialized files now loaded: 0)
System memory in use before: 151.5 MB.
System memory in use after: 151.7 MB.

Unloading 16 unused Assets to reduce memory usage. Loaded Objects now: 3999.
Total: 4.794500 ms (FindLiveObjects: 0.431700 ms CreateObjectMapping: 0.121700 ms MarkObjects: 4.134100 ms  DeleteObjects: 0.105100 ms)

AssetImportParameters requested are different than current active one (requested -> active):
  custom:framework-win-MediaFoundation: 216162199b28c13a410421893ffa2e32 -> 
  custom:video-decoder-ogg-theora: a1e56fd34408186e4bbccfd4996cb3dc -> 
  custom:container-muxer-webm: aa71ff27fc2769a1b78a27578f13a17b -> 
  custom:container-demuxer-webm: 4f35f7cbe854078d1ac9338744f61a02 -> 
  custom:container-demuxer-ogg: 62fdf1f143b41e24485cea50d1cbac27 -> 
  custom:video-encoder-webm-vp8: eb34c28f22e8b96e1ab97ce403110664 -> 
  custom:video-decoder-webm-vp8: 9c59270c3fd7afecdb556c50c9e8de78 -> 
  custom:audio-decoder-ogg-vorbis: bf7c407c2cedff20999df2af8eb42d56 -> 
  custom:audio-encoder-webm-vorbis: bf7c407c2cedff20999df2af8eb42d56 -> 
========================================================================
Received Import Request.
  Time since last request: 332.081053 seconds.
  path: Assets/AssetPackages/Low-Poly Weapons/Models/Materials
  artifactKey: Guid(1e246a66a60994d37a13380d39124149) Importer(815301076,1909f56bfc062723c751e8b465ee728b)
Start importing Assets/AssetPackages/Low-Poly Weapons/Models/Materials using Guid(1e246a66a60994d37a13380d39124149) Importer(815301076,1909f56bfc062723c751e8b465ee728b)  -> (artifact id: 'c17aa65ad02f2c8865ec68bb88355ce9') in 0.009585 seconds 
========================================================================
Received Import Request.
  Time since last request: 17.688222 seconds.
  path: Assets/AssetPackages/Low-Poly Weapons/Prefabs/Sword.prefab
  artifactKey: Guid(ef692f86dcc854a7aba0ac610620cb15) Importer(815301076,1909f56bfc062723c751e8b465ee728b)
Start importing Assets/AssetPackages/Low-Poly Weapons/Prefabs/Sword.prefab using Guid(ef692f86dcc854a7aba0ac610620cb15) Importer(815301076,1909f56bfc062723c751e8b465ee728b)  -> (artifact id: '97afed46c56c000de92198200b15beb6') in 0.182160 seconds 
========================================================================
Received Import Request.
  Time since last request: 33.581896 seconds.
  path: Assets/AssetPackages/SimpleToon/Skybox
  artifactKey: Guid(cc394075939245640a8ed129bbe5c6cd) Importer(815301076,1909f56bfc062723c751e8b465ee728b)
Start importing Assets/AssetPackages/SimpleToon/Skybox using Guid(cc394075939245640a8ed129bbe5c6cd) Importer(815301076,1909f56bfc062723c751e8b465ee728b)  -> (artifact id: 'b2d3e6e9b7f839c53220236849676f92') in 0.013391 seconds 
========================================================================
Received Import Request.
  Time since last request: 4.210676 seconds.
  path: Assets/AssetPackages/SimpleToon/Skybox/Day_BlueSky_Nothing Equirect.mat
  artifactKey: Guid(dcf333824e76e4b5d97323b6c5df6123) Importer(815301076,1909f56bfc062723c751e8b465ee728b)
Start importing Assets/AssetPackages/SimpleToon/Skybox/Day_BlueSky_Nothing Equirect.mat using Guid(dcf333824e76e4b5d97323b6c5df6123) Importer(815301076,1909f56bfc062723c751e8b465ee728b)  -> (artifact id: '4cd096d2ced5e2b3bb09a9008b131263') in 0.501587 seconds 
========================================================================
Received Import Request.
  Time since last request: 0.000294 seconds.
  path: Assets/AssetPackages/SimpleToon/Skybox/Sky_Day_BlueSky_Nothing_Cam_2_Left+X.png
  artifactKey: Guid(f73feaa42eb1d4e31ae1658afa3fe655) Importer(815301076,1909f56bfc062723c751e8b465ee728b)
Start importing Assets/AssetPackages/SimpleToon/Skybox/Sky_Day_BlueSky_Nothing_Cam_2_Left+X.png using Guid(f73feaa42eb1d4e31ae1658afa3fe655) Importer(815301076,1909f56bfc062723c751e8b465ee728b)  -> (artifact id: '50cb17b19e61394b51a1bb1e97b4cdf8') in 0.037174 seconds 
========================================================================
Received Import Request.
  Time since last request: 0.000221 seconds.
  path: Assets/AssetPackages/SimpleToon/Skybox/Sky_Day_BlueSky_Nothing_Cam_4_Up+Y.png
  artifactKey: Guid(f5f1d10dc0ae740b3b8c26e0c7d86355) Importer(815301076,1909f56bfc062723c751e8b465ee728b)
Start importing Assets/AssetPackages/SimpleToon/Skybox/Sky_Day_BlueSky_Nothing_Cam_4_Up+Y.png using Guid(f5f1d10dc0ae740b3b8c26e0c7d86355) Importer(815301076,1909f56bfc062723c751e8b465ee728b)  -> (artifact id: '5aa87e39d1ac9e94926904bcb059f586') in 0.028362 seconds 
========================================================================
Received Import Request.
  Time since last request: 0.000234 seconds.
  path: Assets/AssetPackages/SimpleToon/Skybox/Sky_Day_BlueSky_Nothing_Cam_1_Back-Z.png
  artifactKey: Guid(cfa972365ad4b44f995c911d72e272e8) Importer(815301076,1909f56bfc062723c751e8b465ee728b)
Start importing Assets/AssetPackages/SimpleToon/Skybox/Sky_Day_BlueSky_Nothing_Cam_1_Back-Z.png using Guid(cfa972365ad4b44f995c911d72e272e8) Importer(815301076,1909f56bfc062723c751e8b465ee728b)  -> (artifact id: 'd31b2ca4ebd42c95166aa8fc42342403') in 0.027001 seconds 
========================================================================
Received Import Request.
  Time since last request: 0.000212 seconds.
  path: Assets/AssetPackages/SimpleToon/Skybox/Sky_Day_BlueSky_Nothing_Cam_5_Down-Y.png
  artifactKey: Guid(f52cd27c764164cc5a18f562b8573ef0) Importer(815301076,1909f56bfc062723c751e8b465ee728b)
Start importing Assets/AssetPackages/SimpleToon/Skybox/Sky_Day_BlueSky_Nothing_Cam_5_Down-Y.png using Guid(f52cd27c764164cc5a18f562b8573ef0) Importer(815301076,1909f56bfc062723c751e8b465ee728b)  -> (artifact id: 'f344a00e85ff3873367ac9c0c5a838d3') in 0.024626 seconds 
========================================================================
Received Import Request.
  Time since last request: 0.000255 seconds.
  path: Assets/AssetPackages/SimpleToon/Skybox/Sky_Day_BlueSky_Equirect.png
  artifactKey: Guid(f8525301aea1b4757abe813752f74f53) Importer(815301076,1909f56bfc062723c751e8b465ee728b)
Start importing Assets/AssetPackages/SimpleToon/Skybox/Sky_Day_BlueSky_Equirect.png using Guid(f8525301aea1b4757abe813752f74f53) Importer(815301076,1909f56bfc062723c751e8b465ee728b)  -> (artifact id: '1bfcd4475605483f8d8a851720eaeeda') in 0.100975 seconds 
========================================================================
Received Import Request.
  Time since last request: 0.000267 seconds.
  path: Assets/AssetPackages/SimpleToon/Skybox/Sky_Day_BlueSky_Nothing_Cam_0_Front+Z.png
  artifactKey: Guid(dca4c933094124d7092f3534e1e38254) Importer(815301076,1909f56bfc062723c751e8b465ee728b)
Start importing Assets/AssetPackages/SimpleToon/Skybox/Sky_Day_BlueSky_Nothing_Cam_0_Front+Z.png using Guid(dca4c933094124d7092f3534e1e38254) Importer(815301076,1909f56bfc062723c751e8b465ee728b)  -> (artifact id: 'cab931f2ab2a0c14efce6ce6b5b74a7c') in 0.031959 seconds 
========================================================================
Received Import Request.
  Time since last request: 0.000241 seconds.
  path: Assets/AssetPackages/SimpleToon/Skybox/Sky_Day_BlueSky_Nothing_Cam_3_Right-X.png
  artifactKey: Guid(14bc2d1c70c584f60bf9cd0f3989f7dd) Importer(815301076,1909f56bfc062723c751e8b465ee728b)
Start importing Assets/AssetPackages/SimpleToon/Skybox/Sky_Day_BlueSky_Nothing_Cam_3_Right-X.png using Guid(14bc2d1c70c584f60bf9cd0f3989f7dd) Importer(815301076,1909f56bfc062723c751e8b465ee728b)  -> (artifact id: '6cde556c99334dfd33d1e771f61a0ee2') in 0.029241 seconds 
AssetImportWorkerClient::OnTransportError - code=2 error=End of file
